2024-12-20 11:24:43,397 - Measures - DEBUG - get_text_and_tables_from_pdf executed in 6.0445 seconds 
2024-12-20 11:24:43,399 - Measures - DEBUG - sanitize_text executed in 0.0020 seconds 
2024-12-20 11:24:52,633 - Measures - DEBUG - get_key_words executed in 9.2358 seconds 
2024-12-20 11:24:55,114 - Measures - DEBUG - inference executed in 2.4801 seconds 
2024-12-20 11:24:55,114 - Measures - DEBUG - get_classification executed in 17.7617 seconds 
2024-12-20 11:24:55,114 - Measures - DEBUG - do_test_classifier executed in 17.7618 seconds 
2024-12-20 11:25:12,029 - Measures - DEBUG - get_text_and_tables_from_pdf executed in 6.7715 seconds 
2024-12-20 11:25:16,258 - Measures - DEBUG - extract_data executed in 11.0016 seconds 
2024-12-20 11:25:16,258 - Measures - DEBUG - do_test_odp executed in 11.0026 seconds 
2024-12-20 13:40:18,193 - Measures - DEBUG - get_text_and_tables_from_pdf executed in 1.9764 seconds 
2024-12-20 13:40:18,193 - Measures - DEBUG - sanitize_text executed in 0.0006 seconds 
2024-12-20 13:40:24,487 - Measures - DEBUG - get_key_words executed in 6.2945 seconds 
2024-12-20 13:40:26,933 - Measures - DEBUG - inference executed in 2.4449 seconds 
2024-12-20 13:40:26,933 - Measures - DEBUG - get_classification executed in 10.7165 seconds 
2024-12-20 13:40:26,933 - Measures - DEBUG - do_test_classifier executed in 10.7165 seconds 
2024-12-20 13:40:29,022 - Measures - DEBUG - get_text_and_tables_from_pdf executed in 2.0881 seconds 
2024-12-20 13:40:31,280 - Measures - DEBUG - extract_data executed in 4.3469 seconds 
2024-12-20 13:40:31,280 - Measures - DEBUG - do_test_odp executed in 4.3471 seconds 
2024-12-20 13:43:31,216 - Measures - DEBUG - get_text_and_tables_from_pdf executed in 2.0189 seconds 
2024-12-20 13:43:31,217 - Measures - DEBUG - sanitize_text executed in 0.0006 seconds 
2024-12-20 13:43:37,510 - Measures - DEBUG - get_key_words executed in 6.2940 seconds 
2024-12-20 13:43:39,979 - Measures - DEBUG - inference executed in 2.4678 seconds 
2024-12-20 13:43:39,979 - Measures - DEBUG - get_classification executed in 10.7814 seconds 
2024-12-20 13:43:39,979 - Measures - DEBUG - do_test_classifier executed in 10.7815 seconds 
2024-12-20 13:43:42,082 - Measures - DEBUG - get_text_and_tables_from_pdf executed in 2.1023 seconds 
2024-12-20 13:43:44,351 - Measures - DEBUG - extract_data executed in 4.3715 seconds 
2024-12-20 13:43:44,351 - Measures - DEBUG - do_test_odp executed in 4.3717 seconds 
2024-12-20 14:42:17,907 - Measures - DEBUG - get_text_and_tables_from_pdf executed in 1.9944 seconds 
2024-12-20 14:42:17,908 - Measures - DEBUG - sanitize_text executed in 0.0006 seconds 
2024-12-20 14:42:24,239 - Measures - DEBUG - get_key_words executed in 6.3314 seconds 
2024-12-20 14:42:26,704 - Measures - DEBUG - inference executed in 2.4647 seconds 
2024-12-20 14:42:26,704 - Measures - DEBUG - get_classification executed in 10.7912 seconds 
2024-12-20 14:42:26,704 - Measures - DEBUG - do_test_classifier executed in 10.7912 seconds 
2024-12-20 14:42:28,817 - Measures - DEBUG - get_text_and_tables_from_pdf executed in 2.1130 seconds 
2024-12-20 14:42:31,076 - Measures - DEBUG - extract_data executed in 4.3713 seconds 
2024-12-20 14:42:31,076 - Measures - DEBUG - do_test_odp executed in 4.3715 seconds 
2024-12-20 16:52:39,515 - Measures - DEBUG - get_text_and_tables_from_pdf executed in 2.0058 seconds 
2024-12-20 16:52:39,515 - Measures - DEBUG - sanitize_text executed in 0.0006 seconds 
2024-12-20 16:52:45,811 - Measures - DEBUG - get_key_words executed in 6.2958 seconds 
2024-12-20 16:52:48,215 - Measures - DEBUG - inference executed in 2.4037 seconds 
2024-12-20 16:52:48,215 - Measures - DEBUG - get_classification executed in 10.7059 seconds 
2024-12-20 16:52:48,215 - Measures - DEBUG - do_test_classifier executed in 10.7059 seconds 
2024-12-20 16:52:50,321 - Measures - DEBUG - get_text_and_tables_from_pdf executed in 2.1058 seconds 
2024-12-20 16:52:52,586 - Measures - DEBUG - extract_data executed in 4.3710 seconds 
2024-12-20 16:52:52,586 - Measures - DEBUG - do_test_odp executed in 4.3711 seconds 
2024-12-22 09:08:35,259 - Measures - DEBUG - get_text_and_tables_from_pdf executed in 0.0130 seconds 
2024-12-22 09:08:49,251 - Measures - DEBUG - get_key_words executed in 0.0006 seconds 
2024-12-22 09:08:49,251 - Measures - DEBUG - get_classification executed in 17.6942 seconds 
2024-12-22 09:08:49,252 - Measures - DEBUG - do_test_classifier executed in 17.6943 seconds 
2024-12-22 09:09:48,832 - Measures - DEBUG - get_text_and_tables_from_pdf executed in 0.0240 seconds 
2024-12-22 09:10:04,721 - Measures - DEBUG - get_classification executed in 18.9045 seconds 
2024-12-22 09:10:04,721 - Measures - DEBUG - do_test_classifier executed in 18.9046 seconds 
2024-12-22 09:13:40,186 - Measures - DEBUG - get_text_and_tables_from_pdf executed in 0.0122 seconds 
2024-12-22 09:17:10,334 - Measures - DEBUG - get_text_and_tables_from_pdf executed in 0.0226 seconds 
2024-12-22 09:17:16,990 - Measures - DEBUG - do_ocr executed in 1.1885 seconds 
2024-12-22 09:17:40,605 - Measures - DEBUG - get_text_and_tables_from_pdf executed in 0.3051 seconds 
2024-12-22 09:18:10,440 - Measures - DEBUG - get_classification executed in 63.0955 seconds 
2024-12-22 09:18:10,440 - Measures - DEBUG - do_test_classifier executed in 63.0957 seconds 
2024-12-22 09:19:14,937 - Measures - DEBUG - get_text_and_tables_from_pdf executed in 15.3757 seconds 
2024-12-22 09:19:16,405 - Measures - DEBUG - do_ocr executed in 1.0494 seconds 
2024-12-22 09:20:24,988 - Measures - DEBUG - get_text_and_tables_from_pdf executed in 59.5020 seconds 
2024-12-22 09:20:56,501 - Measures - DEBUG - get_classification executed in 119.4102 seconds 
2024-12-22 09:20:56,501 - Measures - DEBUG - do_test_classifier executed in 119.4103 seconds 
2024-12-22 09:22:15,334 - Measures - DEBUG - get_text_and_tables_from_pdf executed in 8.6416 seconds 
2024-12-22 09:22:27,948 - Measures - DEBUG - do_ocr executed in 1.0881 seconds 
2024-12-22 09:22:54,322 - Measures - DEBUG - get_text_and_tables_from_pdf executed in 17.9864 seconds 
2024-12-22 09:29:07,906 - Measures - DEBUG - get_text_and_tables_from_pdf executed in 3.4124 seconds 
2024-12-22 09:29:09,337 - Measures - DEBUG - do_ocr executed in 1.0523 seconds 
2024-12-22 09:29:16,729 - Measures - DEBUG - get_text_and_tables_from_pdf executed in 0.3154 seconds 
2024-12-22 09:29:29,927 - Measures - DEBUG - sanitize_text executed in 0.0008 seconds 
2024-12-22 09:29:31,009 - Measures - DEBUG - get_key_words executed in 1.0834 seconds 
2024-12-22 09:29:41,238 - Measures - DEBUG - inference executed in 3.1224 seconds 
2024-12-22 09:29:41,238 - Measures - DEBUG - get_classification executed in 40.3120 seconds 
2024-12-22 09:29:41,238 - Measures - DEBUG - do_test_classifier executed in 40.3120 seconds 
2024-12-22 09:29:44,201 - Measures - DEBUG - recognize_rois executed in 2.8816 seconds 
2024-12-22 09:29:44,202 - Measures - DEBUG - doOcr_from_pdf executed in 2.9620 seconds 
2024-12-22 09:33:02,424 - Measures - DEBUG - get_text_and_tables_from_pdf executed in 0.0176 seconds 
2024-12-22 09:33:03,794 - Measures - DEBUG - do_ocr executed in 1.0272 seconds 
2024-12-22 09:33:04,615 - Measures - DEBUG - get_text_and_tables_from_pdf executed in 0.0827 seconds 
2024-12-22 09:33:04,616 - Measures - DEBUG - sanitize_text executed in 0.0003 seconds 
2024-12-22 09:33:05,631 - Measures - DEBUG - get_key_words executed in 1.0155 seconds 
2024-12-22 09:33:08,738 - Measures - DEBUG - inference executed in 3.1056 seconds 
2024-12-22 09:33:08,738 - Measures - DEBUG - get_classification executed in 11.4501 seconds 
2024-12-22 09:33:08,738 - Measures - DEBUG - do_test_classifier executed in 11.4501 seconds 
2024-12-22 09:33:11,570 - Measures - DEBUG - recognize_rois executed in 2.7611 seconds 
2024-12-22 09:33:11,571 - Measures - DEBUG - doOcr_from_pdf executed in 2.8311 seconds 
2024-12-22 10:28:35,787 - Measures - DEBUG - get_text_and_tables_from_pdf executed in 0.0086 seconds 
2024-12-22 10:28:37,251 - Measures - DEBUG - do_ocr executed in 1.0910 seconds 
2024-12-22 10:28:37,515 - Measures - DEBUG - get_text_and_tables_from_pdf executed in 0.0768 seconds 
2024-12-22 10:28:37,516 - Measures - DEBUG - sanitize_text executed in 0.0002 seconds 
2024-12-22 10:28:38,511 - Measures - DEBUG - get_key_words executed in 0.9952 seconds 
2024-12-22 10:28:41,603 - Measures - DEBUG - inference executed in 3.0912 seconds 
2024-12-22 10:28:41,603 - Measures - DEBUG - get_classification executed in 5.8245 seconds 
2024-12-22 10:28:41,603 - Measures - DEBUG - do_test_classifier executed in 5.8245 seconds 
2024-12-22 10:28:44,551 - Measures - DEBUG - recognize_rois executed in 2.8784 seconds 
2024-12-22 10:28:44,552 - Measures - DEBUG - doOcr_from_pdf executed in 2.9474 seconds 
2024-12-22 10:29:49,671 - Measures - DEBUG - get_text_and_tables_from_pdf executed in 0.0081 seconds 
2024-12-22 10:29:51,118 - Measures - DEBUG - do_ocr executed in 1.0730 seconds 
2024-12-22 10:29:51,394 - Measures - DEBUG - get_text_and_tables_from_pdf executed in 0.0762 seconds 
2024-12-22 10:29:51,395 - Measures - DEBUG - sanitize_text executed in 0.0002 seconds 
2024-12-22 10:29:52,391 - Measures - DEBUG - get_key_words executed in 0.9961 seconds 
2024-12-22 10:29:55,476 - Measures - DEBUG - inference executed in 3.0835 seconds 
2024-12-22 10:29:55,476 - Measures - DEBUG - get_classification executed in 5.8129 seconds 
2024-12-22 10:29:55,476 - Measures - DEBUG - do_test_classifier executed in 5.8130 seconds 
2024-12-22 10:29:58,384 - Measures - DEBUG - recognize_rois executed in 2.8416 seconds 
2024-12-22 10:29:58,385 - Measures - DEBUG - doOcr_from_pdf executed in 2.9077 seconds 
2024-12-22 10:32:21,297 - Measures - DEBUG - get_text_and_tables_from_pdf executed in 0.0087 seconds 
2024-12-22 10:32:22,772 - Measures - DEBUG - do_ocr executed in 1.0751 seconds 
2024-12-22 10:32:23,053 - Measures - DEBUG - get_text_and_tables_from_pdf executed in 0.0804 seconds 
2024-12-22 10:32:23,054 - Measures - DEBUG - sanitize_text executed in 0.0002 seconds 
2024-12-22 10:32:24,049 - Measures - DEBUG - get_key_words executed in 0.9962 seconds 
2024-12-22 10:32:27,095 - Measures - DEBUG - inference executed in 3.0446 seconds 
2024-12-22 10:32:27,095 - Measures - DEBUG - get_classification executed in 5.8071 seconds 
2024-12-22 10:32:27,095 - Measures - DEBUG - do_test_classifier executed in 5.8071 seconds 
2024-12-22 10:32:30,030 - Measures - DEBUG - recognize_rois executed in 2.8662 seconds 
2024-12-22 10:32:30,031 - Measures - DEBUG - doOcr_from_pdf executed in 2.9346 seconds 
2024-12-22 10:35:17,392 - Measures - DEBUG - get_text_and_tables_from_pdf executed in 0.0082 seconds 
2024-12-22 10:35:18,871 - Measures - DEBUG - do_ocr executed in 1.0744 seconds 
2024-12-22 10:35:19,145 - Measures - DEBUG - get_text_and_tables_from_pdf executed in 0.0758 seconds 
2024-12-22 10:35:19,146 - Measures - DEBUG - sanitize_text executed in 0.0002 seconds 
2024-12-22 10:35:20,198 - Measures - DEBUG - get_key_words executed in 1.0529 seconds 
2024-12-22 10:35:23,332 - Measures - DEBUG - inference executed in 3.1324 seconds 
2024-12-22 10:35:23,332 - Measures - DEBUG - get_classification executed in 5.9484 seconds 
2024-12-22 10:35:23,332 - Measures - DEBUG - do_test_classifier executed in 5.9484 seconds 
2024-12-22 10:35:26,188 - Measures - DEBUG - recognize_rois executed in 2.7856 seconds 
2024-12-22 10:35:26,188 - Measures - DEBUG - doOcr_from_pdf executed in 2.8549 seconds 
2024-12-22 10:39:44,760 - Measures - DEBUG - get_text_and_tables_from_pdf executed in 0.0087 seconds 
2024-12-22 10:39:46,177 - Measures - DEBUG - do_ocr executed in 1.0341 seconds 
2024-12-22 10:39:46,487 - Measures - DEBUG - get_text_and_tables_from_pdf executed in 0.0776 seconds 
2024-12-22 10:39:46,488 - Measures - DEBUG - sanitize_text executed in 0.0002 seconds 
2024-12-22 10:39:47,482 - Measures - DEBUG - get_key_words executed in 0.9944 seconds 
2024-12-22 10:39:50,577 - Measures - DEBUG - inference executed in 3.0939 seconds 
2024-12-22 10:39:50,577 - Measures - DEBUG - get_classification executed in 5.8261 seconds 
2024-12-22 10:39:50,577 - Measures - DEBUG - do_test_classifier executed in 5.8262 seconds 
2024-12-22 10:39:53,447 - Measures - DEBUG - recognize_rois executed in 2.8028 seconds 
2024-12-22 10:39:53,448 - Measures - DEBUG - doOcr_from_pdf executed in 2.8697 seconds 
2024-12-22 10:45:03,214 - Measures - DEBUG - get_text_and_tables_from_pdf executed in 0.0078 seconds 
2024-12-22 10:45:04,626 - Measures - DEBUG - do_ocr executed in 1.0338 seconds 
2024-12-22 10:45:04,936 - Measures - DEBUG - get_text_and_tables_from_pdf executed in 0.0772 seconds 
2024-12-22 10:45:04,937 - Measures - DEBUG - sanitize_text executed in 0.0002 seconds 
2024-12-22 10:45:05,927 - Measures - DEBUG - get_key_words executed in 0.9907 seconds 
2024-12-22 10:45:08,995 - Measures - DEBUG - inference executed in 3.0662 seconds 
2024-12-22 10:45:08,995 - Measures - DEBUG - get_classification executed in 5.7885 seconds 
2024-12-22 10:45:08,995 - Measures - DEBUG - do_test_classifier executed in 5.7886 seconds 
2024-12-22 10:45:11,846 - Measures - DEBUG - recognize_rois executed in 2.7827 seconds 
2024-12-22 10:45:11,846 - Measures - DEBUG - doOcr_from_pdf executed in 2.8497 seconds 
2024-12-22 10:51:33,411 - Measures - DEBUG - get_text_and_tables_from_pdf executed in 0.0082 seconds 
2024-12-22 10:51:34,793 - Measures - DEBUG - do_ocr executed in 1.0045 seconds 
2024-12-22 10:51:35,143 - Measures - DEBUG - get_text_and_tables_from_pdf executed in 0.0757 seconds 
2024-12-22 10:51:35,144 - Measures - DEBUG - sanitize_text executed in 0.0002 seconds 
2024-12-22 10:51:36,149 - Measures - DEBUG - get_key_words executed in 1.0060 seconds 
2024-12-22 10:51:39,205 - Measures - DEBUG - inference executed in 3.0543 seconds 
2024-12-22 10:51:39,205 - Measures - DEBUG - get_classification executed in 5.8028 seconds 
2024-12-22 10:51:39,205 - Measures - DEBUG - do_test_classifier executed in 5.8028 seconds 
2024-12-22 10:51:42,038 - Measures - DEBUG - recognize_rois executed in 2.7620 seconds 
2024-12-22 10:51:42,038 - Measures - DEBUG - doOcr_from_pdf executed in 2.8324 seconds 
2024-12-22 10:53:06,258 - Measures - DEBUG - get_text_and_tables_from_pdf executed in 0.0072 seconds 
2024-12-22 10:53:07,722 - Measures - DEBUG - do_ocr executed in 1.0828 seconds 
2024-12-22 10:53:07,988 - Measures - DEBUG - get_text_and_tables_from_pdf executed in 0.0769 seconds 
2024-12-22 10:53:07,988 - Measures - DEBUG - sanitize_text executed in 0.0002 seconds 
2024-12-22 10:53:08,982 - Measures - DEBUG - get_key_words executed in 0.9935 seconds 
2024-12-22 10:53:12,032 - Measures - DEBUG - inference executed in 3.0487 seconds 
2024-12-22 10:53:12,032 - Measures - DEBUG - get_classification executed in 5.7807 seconds 
2024-12-22 10:53:12,032 - Measures - DEBUG - do_test_classifier executed in 5.7807 seconds 
2024-12-22 10:53:14,888 - Measures - DEBUG - recognize_rois executed in 2.7900 seconds 
2024-12-22 10:53:14,889 - Measures - DEBUG - doOcr_from_pdf executed in 2.8564 seconds 
2024-12-22 10:57:35,838 - Measures - DEBUG - get_text_and_tables_from_pdf executed in 0.0079 seconds 
2024-12-22 10:57:37,295 - Measures - DEBUG - do_ocr executed in 1.0898 seconds 
2024-12-22 10:57:37,560 - Measures - DEBUG - get_text_and_tables_from_pdf executed in 0.0811 seconds 
2024-12-22 10:57:37,561 - Measures - DEBUG - sanitize_text executed in 0.0002 seconds 
2024-12-22 10:57:38,596 - Measures - DEBUG - get_key_words executed in 1.0349 seconds 
2024-12-22 10:57:41,652 - Measures - DEBUG - inference executed in 3.0548 seconds 
2024-12-22 10:57:41,652 - Measures - DEBUG - get_classification executed in 5.8225 seconds 
2024-12-22 10:57:41,652 - Measures - DEBUG - do_test_classifier executed in 5.8225 seconds 
2024-12-22 10:57:44,476 - Measures - DEBUG - recognize_rois executed in 2.7550 seconds 
2024-12-22 10:57:44,476 - Measures - DEBUG - doOcr_from_pdf executed in 2.8234 seconds 
2024-12-22 10:59:38,641 - Measures - DEBUG - get_text_and_tables_from_pdf executed in 0.0090 seconds 
2024-12-22 10:59:40,069 - Measures - DEBUG - do_ocr executed in 1.0334 seconds 
2024-12-22 10:59:40,386 - Measures - DEBUG - get_text_and_tables_from_pdf executed in 0.0809 seconds 
2024-12-22 10:59:40,387 - Measures - DEBUG - sanitize_text executed in 0.0002 seconds 
2024-12-22 10:59:41,397 - Measures - DEBUG - get_key_words executed in 1.0109 seconds 
2024-12-22 10:59:44,501 - Measures - DEBUG - inference executed in 3.1024 seconds 
2024-12-22 10:59:44,501 - Measures - DEBUG - get_classification executed in 5.8691 seconds 
2024-12-22 10:59:44,501 - Measures - DEBUG - do_test_classifier executed in 5.8692 seconds 
2024-12-22 10:59:47,381 - Measures - DEBUG - recognize_rois executed in 2.8107 seconds 
2024-12-22 10:59:47,381 - Measures - DEBUG - doOcr_from_pdf executed in 2.8789 seconds 
2024-12-22 11:46:15,551 - Measures - DEBUG - get_text_and_tables_from_pdf_mp executed in 0.0245 seconds 
2024-12-22 11:46:32,835 - Measures - DEBUG - get_text_and_tables_from_pdf executed in 25.6211 seconds 
2024-12-22 11:46:34,258 - Measures - DEBUG - do_ocr executed in 1.0563 seconds 
2024-12-22 11:46:43,482 - Measures - DEBUG - get_text_and_tables_from_pdf_mp executed in 0.3125 seconds 
2024-12-22 11:46:50,392 - Measures - DEBUG - get_text_and_tables_from_pdf executed in 15.9252 seconds 
2024-12-22 11:46:50,393 - Measures - DEBUG - sanitize_text executed in 0.0004 seconds 
2024-12-22 11:46:51,405 - Measures - DEBUG - get_key_words executed in 1.0124 seconds 
2024-12-22 11:46:54,527 - Measures - DEBUG - inference executed in 3.1204 seconds 
2024-12-22 11:46:54,527 - Measures - DEBUG - get_classification executed in 47.3133 seconds 
2024-12-22 11:46:54,527 - Measures - DEBUG - do_test_classifier executed in 47.3134 seconds 
2024-12-22 11:46:57,469 - Measures - DEBUG - recognize_rois executed in 2.8740 seconds 
2024-12-22 11:46:57,470 - Measures - DEBUG - doOcr_from_pdf executed in 2.9423 seconds 
2024-12-22 11:47:49,326 - Measures - DEBUG - get_text_and_tables_from_pdf_mp executed in 0.0058 seconds 
2024-12-22 11:47:50,065 - Measures - DEBUG - get_text_and_tables_from_pdf executed in 1.0663 seconds 
2024-12-22 11:47:51,407 - Measures - DEBUG - do_ocr executed in 1.0288 seconds 
2024-12-22 11:47:52,047 - Measures - DEBUG - get_text_and_tables_from_pdf_mp executed in 0.0978 seconds 
2024-12-22 11:47:52,696 - Measures - DEBUG - get_text_and_tables_from_pdf executed in 1.0686 seconds 
2024-12-22 11:47:52,697 - Measures - DEBUG - sanitize_text executed in 0.0003 seconds 
2024-12-22 11:47:53,709 - Measures - DEBUG - get_key_words executed in 1.0126 seconds 
2024-12-22 11:47:56,879 - Measures - DEBUG - inference executed in 3.1687 seconds 
2024-12-22 11:47:56,879 - Measures - DEBUG - get_classification executed in 7.8800 seconds 
2024-12-22 11:47:56,879 - Measures - DEBUG - do_test_classifier executed in 7.8801 seconds 
2024-12-22 11:47:59,732 - Measures - DEBUG - recognize_rois executed in 2.7896 seconds 
2024-12-22 11:47:59,732 - Measures - DEBUG - doOcr_from_pdf executed in 2.8526 seconds 
2024-12-22 11:51:33,126 - Measures - DEBUG - get_text_and_tables_from_pdf_mp executed in 0.0117 seconds 
2024-12-22 11:51:33,866 - Measures - DEBUG - get_text_and_tables_from_pdf executed in 1.1266 seconds 
2024-12-22 11:51:35,206 - Measures - DEBUG - do_ocr executed in 1.0172 seconds 
2024-12-22 11:51:35,910 - Measures - DEBUG - get_text_and_tables_from_pdf_mp executed in 0.1074 seconds 
2024-12-22 11:51:36,549 - Measures - DEBUG - get_text_and_tables_from_pdf executed in 1.0679 seconds 
2024-12-22 11:51:36,550 - Measures - DEBUG - sanitize_text executed in 0.0003 seconds 
2024-12-22 11:51:37,578 - Measures - DEBUG - get_key_words executed in 1.0283 seconds 
2024-12-22 11:51:40,718 - Measures - DEBUG - inference executed in 3.1391 seconds 
2024-12-22 11:51:40,718 - Measures - DEBUG - get_classification executed in 7.9788 seconds 
2024-12-22 11:51:40,718 - Measures - DEBUG - do_test_classifier executed in 7.9789 seconds 
2024-12-22 11:51:43,591 - Measures - DEBUG - recognize_rois executed in 2.8078 seconds 
2024-12-22 11:51:43,591 - Measures - DEBUG - doOcr_from_pdf executed in 2.8725 seconds 
2024-12-22 11:51:46,499 - Measures - DEBUG - get_text_and_tables_from_pdf_mp executed in 1.8263 seconds 
2024-12-22 11:51:46,586 - Measures - DEBUG - get_text_and_tables_from_pdf executed in 2.2377 seconds 
2024-12-22 11:51:46,588 - Measures - DEBUG - sanitize_text executed in 0.0008 seconds 
2024-12-22 11:51:52,334 - Measures - DEBUG - get_key_words executed in 5.7469 seconds 
2024-12-22 11:51:52,682 - Measures - DEBUG - inference executed in 0.3484 seconds 
2024-12-22 11:51:52,683 - Measures - DEBUG - get_classification executed in 8.3339 seconds 
2024-12-22 11:51:52,683 - Measures - DEBUG - do_test_classifier executed in 8.3340 seconds 
2024-12-22 11:51:54,801 - Measures - DEBUG - get_text_and_tables_from_pdf_mp executed in 1.8019 seconds 
2024-12-22 11:51:54,918 - Measures - DEBUG - get_text_and_tables_from_pdf executed in 2.2348 seconds 
2024-12-22 11:51:57,308 - Measures - DEBUG - extract_data executed in 4.6252 seconds 
2024-12-22 11:51:57,309 - Measures - DEBUG - extract_data executed in 4.6254 seconds 
2024-12-22 11:51:57,309 - Measures - DEBUG - do_test_odp executed in 4.6255 seconds 
2024-12-22 11:55:22,475 - Measures - DEBUG - get_text_and_tables_from_pdf_mp executed in 0.0071 seconds 
2024-12-22 11:55:23,215 - Measures - DEBUG - get_text_and_tables_from_pdf executed in 1.0980 seconds 
2024-12-22 11:55:24,555 - Measures - DEBUG - do_ocr executed in 1.0127 seconds 
2024-12-22 11:56:56,001 - Measures - DEBUG - get_text_and_tables_from_pdf_mp executed in 0.0885 seconds 
2024-12-22 11:56:56,655 - Measures - DEBUG - get_text_and_tables_from_pdf executed in 1.0928 seconds 
2024-12-22 11:56:56,656 - Measures - DEBUG - sanitize_text executed in 0.0003 seconds 
2024-12-22 11:56:57,652 - Measures - DEBUG - get_key_words executed in 0.9971 seconds 
2024-12-22 11:57:00,741 - Measures - DEBUG - inference executed in 3.0879 seconds 
2024-12-22 11:57:00,742 - Measures - DEBUG - get_classification executed in 5.1796 seconds 
2024-12-22 11:57:00,742 - Measures - DEBUG - do_test_classifier executed in 5.1796 seconds 
2024-12-22 11:57:03,642 - Measures - DEBUG - recognize_rois executed in 2.8233 seconds 
2024-12-22 11:57:03,642 - Measures - DEBUG - doOcr_from_pdf executed in 2.9000 seconds 
2024-12-22 11:57:06,518 - Measures - DEBUG - get_text_and_tables_from_pdf_mp executed in 1.8161 seconds 
2024-12-22 11:57:06,615 - Measures - DEBUG - get_text_and_tables_from_pdf executed in 2.2384 seconds 
2024-12-22 11:57:06,616 - Measures - DEBUG - sanitize_text executed in 0.0008 seconds 
2024-12-22 11:57:12,228 - Measures - DEBUG - get_key_words executed in 5.6127 seconds 
2024-12-22 11:57:12,579 - Measures - DEBUG - inference executed in 0.3503 seconds 
2024-12-22 11:57:12,579 - Measures - DEBUG - get_classification executed in 8.2024 seconds 
2024-12-22 11:57:12,579 - Measures - DEBUG - do_test_classifier executed in 8.2024 seconds 
2024-12-22 11:57:14,697 - Measures - DEBUG - get_text_and_tables_from_pdf_mp executed in 1.8001 seconds 
2024-12-22 11:57:14,816 - Measures - DEBUG - get_text_and_tables_from_pdf executed in 2.2362 seconds 
2024-12-22 11:57:17,194 - Measures - DEBUG - extract_data executed in 4.6147 seconds 
2024-12-22 11:57:17,194 - Measures - DEBUG - extract_data executed in 4.6149 seconds 
2024-12-22 11:57:17,194 - Measures - DEBUG - do_test_odp executed in 4.6149 seconds 
2024-12-22 12:02:24,798 - Measures - DEBUG - get_text_and_tables_from_pdf_mp executed in 0.0113 seconds 
2024-12-22 12:02:25,537 - Measures - DEBUG - get_text_and_tables_from_pdf executed in 1.0745 seconds 
2024-12-22 12:02:26,912 - Measures - DEBUG - do_ocr executed in 1.0524 seconds 
2024-12-22 12:02:27,542 - Measures - DEBUG - get_text_and_tables_from_pdf_mp executed in 0.0864 seconds 
2024-12-22 12:02:28,202 - Measures - DEBUG - get_text_and_tables_from_pdf executed in 1.0722 seconds 
2024-12-22 12:02:28,203 - Measures - DEBUG - sanitize_text executed in 0.0004 seconds 
2024-12-22 12:02:29,253 - Measures - DEBUG - get_key_words executed in 1.0499 seconds 
2024-12-22 12:02:32,498 - Measures - DEBUG - inference executed in 3.2444 seconds 
2024-12-22 12:02:32,498 - Measures - DEBUG - get_classification executed in 8.0362 seconds 
2024-12-22 12:02:32,498 - Measures - DEBUG - do_test_classifier executed in 8.0363 seconds 
2024-12-22 12:02:35,404 - Measures - DEBUG - recognize_rois executed in 2.8347 seconds 
2024-12-22 12:02:35,404 - Measures - DEBUG - doOcr_from_pdf executed in 2.9049 seconds 
2024-12-22 12:02:38,359 - Measures - DEBUG - get_text_and_tables_from_pdf_mp executed in 1.8397 seconds 
2024-12-22 12:02:38,923 - Measures - DEBUG - get_text_and_tables_from_pdf executed in 2.7306 seconds 
2024-12-22 12:02:38,924 - Measures - DEBUG - sanitize_text executed in 0.0011 seconds 
2024-12-22 12:02:44,531 - Measures - DEBUG - get_key_words executed in 5.6076 seconds 
2024-12-22 12:02:44,887 - Measures - DEBUG - inference executed in 0.3560 seconds 
2024-12-22 12:02:44,887 - Measures - DEBUG - get_classification executed in 8.6953 seconds 
2024-12-22 12:02:44,887 - Measures - DEBUG - do_test_classifier executed in 8.6953 seconds 
2024-12-22 12:02:47,030 - Measures - DEBUG - get_text_and_tables_from_pdf_mp executed in 1.7953 seconds 
2024-12-22 12:02:47,157 - Measures - DEBUG - get_text_and_tables_from_pdf executed in 2.2688 seconds 
2024-12-22 12:02:49,562 - Measures - DEBUG - extract_data executed in 4.6740 seconds 
2024-12-22 12:02:49,562 - Measures - DEBUG - extract_data executed in 4.6742 seconds 
2024-12-22 12:02:49,562 - Measures - DEBUG - do_test_odp executed in 4.6743 seconds 
2024-12-22 12:52:00,737 - Measures - DEBUG - get_text_and_tables_from_pdf_mp executed in 0.1060 seconds 
2024-12-22 12:52:01,371 - Measures - DEBUG - get_text_and_tables_from_pdf executed in 1.0903 seconds 
2024-12-22 12:52:01,372 - Measures - DEBUG - sanitize_text executed in 0.0003 seconds 
2024-12-22 12:52:02,373 - Measures - DEBUG - get_key_words executed in 1.0016 seconds 
2024-12-22 12:52:05,543 - Measures - DEBUG - inference executed in 3.1683 seconds 
2024-12-22 12:52:05,543 - Measures - DEBUG - get_classification executed in 5.2618 seconds 
2024-12-22 12:52:05,543 - Measures - DEBUG - do_test_classifier executed in 5.2619 seconds 
2024-12-22 12:52:08,462 - Measures - DEBUG - recognize_rois executed in 2.8456 seconds 
2024-12-22 12:52:08,463 - Measures - DEBUG - doOcr_from_pdf executed in 2.9195 seconds 
2024-12-22 12:52:11,354 - Measures - DEBUG - get_text_and_tables_from_pdf_mp executed in 1.7778 seconds 
2024-12-22 12:52:11,972 - Measures - DEBUG - get_text_and_tables_from_pdf executed in 2.7237 seconds 
2024-12-22 12:52:11,973 - Measures - DEBUG - sanitize_text executed in 0.0009 seconds 
2024-12-22 12:52:17,550 - Measures - DEBUG - get_key_words executed in 5.5779 seconds 
2024-12-22 12:52:17,919 - Measures - DEBUG - inference executed in 0.3691 seconds 
2024-12-22 12:52:17,920 - Measures - DEBUG - get_classification executed in 8.6719 seconds 
2024-12-22 12:52:17,920 - Measures - DEBUG - do_test_classifier executed in 8.6719 seconds 
2024-12-22 12:52:20,062 - Measures - DEBUG - get_text_and_tables_from_pdf_mp executed in 1.8055 seconds 
2024-12-22 12:52:20,650 - Measures - DEBUG - get_text_and_tables_from_pdf executed in 2.7288 seconds 
2024-12-22 12:52:23,041 - Measures - DEBUG - extract_data executed in 5.1207 seconds 
2024-12-22 12:52:23,041 - Measures - DEBUG - extract_data executed in 5.1210 seconds 
2024-12-22 12:52:23,041 - Measures - DEBUG - do_test_odp executed in 5.1210 seconds 
2024-12-22 13:12:15,664 - Measures - DEBUG - get_text_and_tables_from_pdf executed in 0.0739 seconds 
2024-12-22 13:12:15,665 - Measures - DEBUG - sanitize_text executed in 0.0001 seconds 
2024-12-22 13:12:16,637 - Measures - DEBUG - get_key_words executed in 0.9722 seconds 
2024-12-22 13:12:19,830 - Measures - DEBUG - inference executed in 3.1919 seconds 
2024-12-22 13:12:19,830 - Measures - DEBUG - get_classification executed in 4.2394 seconds 
2024-12-22 13:12:19,830 - Measures - DEBUG - do_test_classifier executed in 4.2395 seconds 
2024-12-22 13:12:22,731 - Measures - DEBUG - recognize_rois executed in 2.8330 seconds 
2024-12-22 13:12:22,731 - Measures - DEBUG - doOcr_from_pdf executed in 2.9008 seconds 
2024-12-22 13:12:25,313 - Measures - DEBUG - get_text_and_tables_from_pdf executed in 1.7584 seconds 
2024-12-22 13:12:25,314 - Measures - DEBUG - sanitize_text executed in 0.0006 seconds 
2024-12-22 13:12:30,886 - Measures - DEBUG - get_key_words executed in 5.5729 seconds 
2024-12-22 13:12:31,232 - Measures - DEBUG - inference executed in 0.3455 seconds 
2024-12-22 13:12:31,232 - Measures - DEBUG - get_classification executed in 7.6777 seconds 
2024-12-22 13:12:31,232 - Measures - DEBUG - do_test_classifier executed in 7.6777 seconds 
2024-12-22 13:12:32,789 - Measures - DEBUG - do_ocr executed in 1.2205 seconds 
2024-12-22 13:12:32,888 - Measures - DEBUG - extract_data executed in 1.6549 seconds 
2024-12-22 13:12:32,888 - Measures - DEBUG - do_test_odp executed in 1.6549 seconds 
2024-12-22 13:15:22,438 - Measures - DEBUG - get_text_and_tables_from_pdf executed in 0.0730 seconds 
2024-12-22 13:15:22,438 - Measures - DEBUG - sanitize_text executed in 0.0001 seconds 
2024-12-22 13:15:23,413 - Measures - DEBUG - get_key_words executed in 0.9754 seconds 
2024-12-22 13:15:26,582 - Measures - DEBUG - inference executed in 3.1675 seconds 
2024-12-22 13:15:26,582 - Measures - DEBUG - get_classification executed in 4.2173 seconds 
2024-12-22 13:15:26,582 - Measures - DEBUG - do_test_classifier executed in 4.2174 seconds 
2024-12-22 13:15:29,496 - Measures - DEBUG - recognize_rois executed in 2.8443 seconds 
2024-12-22 13:15:29,496 - Measures - DEBUG - doOcr_from_pdf executed in 2.9132 seconds 
2024-12-22 13:15:32,561 - Measures - DEBUG - get_text_and_tables_from_pdf executed in 1.8234 seconds 
2024-12-22 13:15:32,561 - Measures - DEBUG - sanitize_text executed in 0.0006 seconds 
2024-12-22 13:15:38,161 - Measures - DEBUG - get_key_words executed in 5.6005 seconds 
2024-12-22 13:15:38,508 - Measures - DEBUG - inference executed in 0.3461 seconds 
2024-12-22 13:15:38,508 - Measures - DEBUG - get_classification executed in 7.7708 seconds 
2024-12-22 13:15:38,508 - Measures - DEBUG - do_test_classifier executed in 7.7709 seconds 
2024-12-22 13:15:40,918 - Measures - DEBUG - get_text_and_tables_from_pdf executed in 2.4093 seconds 
2024-12-22 13:15:43,279 - Measures - DEBUG - extract_data executed in 4.7699 seconds 
2024-12-22 13:15:43,279 - Measures - DEBUG - extract_data executed in 4.7701 seconds 
2024-12-22 13:15:43,279 - Measures - DEBUG - do_test_odp executed in 4.7702 seconds 
2024-12-22 13:48:21,675 - Measures - DEBUG - get_text_and_tables_from_pdf executed in 0.0730 seconds 
2024-12-22 13:48:21,675 - Measures - DEBUG - sanitize_text executed in 0.0001 seconds 
2024-12-22 13:48:22,742 - Measures - DEBUG - get_key_words executed in 1.0670 seconds 
2024-12-22 13:48:26,111 - Measures - DEBUG - inference executed in 3.3681 seconds 
2024-12-22 13:48:26,112 - Measures - DEBUG - get_classification executed in 4.5097 seconds 
2024-12-22 13:48:26,112 - Measures - DEBUG - do_test_classifier executed in 4.5097 seconds 
2024-12-22 13:48:29,056 - Measures - DEBUG - recognize_rois executed in 2.8768 seconds 
2024-12-22 13:48:29,057 - Measures - DEBUG - doOcr_from_pdf executed in 2.9448 seconds 
2024-12-22 13:48:31,864 - Measures - DEBUG - get_text_and_tables_from_pdf executed in 1.7250 seconds 
2024-12-22 13:48:31,865 - Measures - DEBUG - sanitize_text executed in 0.0006 seconds 
2024-12-22 13:48:37,516 - Measures - DEBUG - get_key_words executed in 5.6515 seconds 
2024-12-22 13:48:37,895 - Measures - DEBUG - inference executed in 0.3785 seconds 
2024-12-22 13:48:37,895 - Measures - DEBUG - get_classification executed in 7.7558 seconds 
2024-12-22 13:48:37,895 - Measures - DEBUG - do_test_classifier executed in 7.7559 seconds 
2024-12-22 13:48:40,537 - Measures - DEBUG - get_text_and_tables_from_pdf executed in 2.6411 seconds 
2024-12-22 13:48:42,933 - Measures - DEBUG - extract_data executed in 5.0376 seconds 
2024-12-22 13:48:42,934 - Measures - DEBUG - extract_data executed in 5.0379 seconds 
2024-12-22 13:48:42,934 - Measures - DEBUG - do_test_odp executed in 5.0379 seconds 
2024-12-23 11:02:55,082 - Measures - DEBUG - get_text_and_tables_from_pdf executed in 0.0702 seconds 
2024-12-23 11:02:55,083 - Measures - DEBUG - sanitize_text executed in 0.0001 seconds 
2024-12-23 11:02:56,023 - Measures - DEBUG - get_key_words executed in 0.9405 seconds 
2024-12-23 11:02:58,782 - Measures - DEBUG - inference executed in 2.7578 seconds 
2024-12-23 11:02:58,782 - Measures - DEBUG - get_classification executed in 3.7698 seconds 
2024-12-23 11:02:58,782 - Measures - DEBUG - do_test_classifier executed in 3.7698 seconds 
2024-12-23 11:03:01,577 - Measures - DEBUG - recognize_rois executed in 2.7305 seconds 
2024-12-23 11:03:01,578 - Measures - DEBUG - doOcr_from_pdf executed in 2.7949 seconds 
2024-12-23 11:03:04,074 - Measures - DEBUG - get_text_and_tables_from_pdf executed in 1.6859 seconds 
2024-12-23 11:03:04,075 - Measures - DEBUG - sanitize_text executed in 0.0006 seconds 
2024-12-23 11:03:09,540 - Measures - DEBUG - get_key_words executed in 5.4662 seconds 
2024-12-23 11:03:09,873 - Measures - DEBUG - inference executed in 0.3324 seconds 
2024-12-23 11:03:09,873 - Measures - DEBUG - get_classification executed in 7.4853 seconds 
2024-12-23 11:03:09,873 - Measures - DEBUG - do_test_classifier executed in 7.4853 seconds 
2024-12-23 11:03:12,040 - Measures - DEBUG - get_text_and_tables_from_pdf executed in 2.1657 seconds 
2024-12-23 11:03:14,370 - Measures - DEBUG - extract_data executed in 4.4959 seconds 
2024-12-23 11:03:14,370 - Measures - DEBUG - extract_data executed in 4.4961 seconds 
2024-12-23 11:03:14,370 - Measures - DEBUG - do_test_odp executed in 4.4961 seconds 
2024-12-23 11:31:27,522 - Measures - DEBUG - get_text_and_tables_from_pdf executed in 0.0695 seconds 
2024-12-23 11:31:27,523 - Measures - DEBUG - sanitize_text executed in 0.0001 seconds 
2024-12-23 11:31:28,469 - Measures - DEBUG - get_key_words executed in 0.9462 seconds 
2024-12-23 11:31:31,177 - Measures - DEBUG - inference executed in 2.7068 seconds 
2024-12-23 11:31:31,177 - Measures - DEBUG - get_classification executed in 3.7238 seconds 
2024-12-23 11:31:31,177 - Measures - DEBUG - do_test_classifier executed in 3.7239 seconds 
2024-12-23 11:31:33,944 - Measures - DEBUG - recognize_rois executed in 2.7045 seconds 
2024-12-23 11:31:33,944 - Measures - DEBUG - do_IBAN_Ocr_from_pdf executed in 2.7672 seconds 
2024-12-23 11:31:36,400 - Measures - DEBUG - get_text_and_tables_from_pdf executed in 1.6988 seconds 
2024-12-23 11:31:36,401 - Measures - DEBUG - sanitize_text executed in 0.0009 seconds 
2024-12-23 11:31:41,906 - Measures - DEBUG - get_key_words executed in 5.5053 seconds 
2024-12-23 11:31:42,236 - Measures - DEBUG - inference executed in 0.3295 seconds 
2024-12-23 11:31:42,236 - Measures - DEBUG - get_classification executed in 7.5344 seconds 
2024-12-23 11:31:42,236 - Measures - DEBUG - do_test_classifier executed in 7.5344 seconds 
2024-12-23 11:31:44,432 - Measures - DEBUG - get_text_and_tables_from_pdf executed in 2.1950 seconds 
2024-12-23 11:31:46,715 - Measures - DEBUG - extract_data executed in 4.4781 seconds 
2024-12-23 11:31:46,715 - Measures - DEBUG - extract_data executed in 4.4782 seconds 
2024-12-23 11:31:46,715 - Measures - DEBUG - do_test_odp executed in 4.4783 seconds 
